<?xml version="1.0" encoding="UTF-8"?>
<!-- Generated by org.testng.reporters.JUnitXMLReporter -->
<testsuite ignored="0" hostname="DESKTOP-7NE77EG" failures="0" tests="5" name="Test 5" time="28.517" errors="0" timestamp="2023-09-17T00:26:54 MSK">
  <testcase classname="ui.RandomTest" name="randomLoginVoid" time="5.123"/>
  <testcase classname="ui.RandomTest" name="randomLoginVoid" time="4.241"/>
  <testcase classname="ui.RandomTest" name="randomLoginVoid" time="8.76"/>
  <testcase classname="ui.RandomTest" name="randomLoginVoid" time="3.721"/>
  <testcase classname="ui.RandomTest" name="randomLoginVoid" time="6.58"/>
</testsuite> <!-- Test 5 -->
